F:\PROJECTS\IGNEEL\IGNEEL.D3D9\DEBUG\IGNEEL.D3D9.PCH
F:\PROJECTS\IGNEEL\IGNEEL.D3D9\DEBUG\STDAFX.OBJ
F:\PROJECTS\IGNEEL\IGNEEL.D3D9\DEBUG\VC110.PDB
F:\PROJECTS\IGNEEL\IGNEEL.D3D9\DEBUG\RESSETING.OBJ
F:\PROJECTS\IGNEEL\IGNEEL.D3D9\DEBUG\RASTERIZERSTATE.OBJ
F:\PROJECTS\IGNEEL\IGNEEL.D3D9\DEBUG\INPUTASSEMBLER.OBJ
F:\PROJECTS\IGNEEL\IGNEEL.D3D9\DEBUG\IGDIRECT3D.OBJ
F:\PROJECTS\IGNEEL\IGNEEL.D3D9\DEBUG\GRAPHICDEVICEMANAGER.OBJ
F:\PROJECTS\IGNEEL\IGNEEL.D3D9\DEBUG\GRAPHICDEVICE.OBJ
F:\PROJECTS\IGNEEL\IGNEEL.D3D9\DEBUG\GRAPHICDEVICE.SHADER.OBJ
F:\PROJECTS\IGNEEL\IGNEEL.D3D9\DEBUG\GRAPHICDEVICE.RASTERIZERSTAGE.OBJ
F:\PROJECTS\IGNEEL\IGNEEL.D3D9\DEBUG\GRAPHICDEVICE.OUTPUTMERGE.OBJ
F:\PROJECTS\IGNEEL\IGNEEL.D3D9\DEBUG\GRAPHICDEVICE.INPUTASSEMBLER.OBJ
F:\PROJECTS\IGNEEL\IGNEEL.D3D9\DEBUG\ENUMCONVERTER.OBJ
F:\PROJECTS\IGNEEL\IGNEEL.D3D9\DEBUG\DEPTHSTENCIL.OBJ
F:\PROJECTS\IGNEEL\IGNEEL.D3D9\DEBUG\D3DUNIFORMSETTER.OBJ
F:\PROJECTS\IGNEEL\IGNEEL.D3D9\DEBUG\D3DSWAPCHAIN.OBJ
F:\PROJECTS\IGNEEL\IGNEEL.D3D9\DEBUG\D3DSHADERPROGRAM.OBJ
F:\PROJECTS\IGNEEL\IGNEEL.D3D9\DEBUG\D3DRENDERTARGET.OBJ
F:\PROJECTS\IGNEEL\IGNEEL.D3D9\DEBUG\D3DEFFECT.OBJ
F:\PROJECTS\IGNEEL\IGNEEL.D3D9\DEBUG\D3DBLENDSTATE.OBJ
F:\PROJECTS\IGNEEL\IGNEEL.D3D9\DEBUG\D3D9TEXTURES.OBJ
F:\PROJECTS\IGNEEL\IGNEEL.D3D9\DEBUG\ASSEMBLYINFO.OBJ
F:\PROJECTS\IGNEEL\IGNEEL.D3D9\DEBUG\VERTEXBUFFER.OBJ
F:\PROJECTS\IGNEEL\IGNEEL.D3D9\DEBUG\SUBRESOURCE.OBJ
F:\PROJECTS\IGNEEL\IGNEEL.D3D9\DEBUG\SHADERS.OBJ
F:\PROJECTS\IGNEEL\IGNEEL.D3D9\DEBUG\SHADERSETTER.OBJ
F:\PROJECTS\IGNEEL\IGNEEL.D3D9\DEBUG\SAMPLESTATE.OBJ
F:\PROJECTS\IGNEEL\IGNEEL.D3D9\DEBUG\.NETFRAMEWORK,VERSION=V4.5.ASSEMBLYATTRIBUTES.OBJ
F:\Projects\Igneel\Debug\Igneel.dll
F:\Projects\Igneel\Debug\ClrPlatformLib.dll
F:\Projects\Igneel\Debug\Igneel.pdb
F:\PROJECTS\IGNEEL\DEBUG\IGNEEL.D3D9.ILK
F:\PROJECTS\IGNEEL\DEBUG\IGNEEL.D3D9.DLL
C:\WINDOWS\MICROSOFT.NET\FRAMEWORK\V4.0.30319\CLR.DLL
F:\PROJECTS\IGNEEL\DEBUG\IGNEEL.D3D9.PDB
F:\PROJECTS\IGNEEL\IGNEEL.D3D9\DEBUG\METAGEN.WRITE.1.TLOG
F:\PROJECTS\IGNEEL\IGNEEL.D3D9\DEBUG\APP.RES
F:\Projects\Igneel\Igneel.D3D9\Debug\Igneel.D3D9.vcxprojResolveAssemblyReference.cache
F:\Projects\Igneel\Igneel.D3D9\Debug\.NETFramework,Version=v4.5.AssemblyAttributes.obj
F:\Projects\Igneel\Igneel.D3D9\Debug\AssemblyInfo.obj
F:\Projects\Igneel\Igneel.D3D9\Debug\D3D9Textures.obj
F:\Projects\Igneel\Igneel.D3D9\Debug\D3DBlendState.obj
F:\Projects\Igneel\Igneel.D3D9\Debug\D3DEffect.obj
F:\Projects\Igneel\Igneel.D3D9\Debug\D3DRenderTarget.obj
F:\Projects\Igneel\Igneel.D3D9\Debug\D3DShaderProgram.obj
F:\Projects\Igneel\Igneel.D3D9\Debug\D3DSwapChain.obj
F:\Projects\Igneel\Igneel.D3D9\Debug\D3DUniformSetter.obj
F:\Projects\Igneel\Igneel.D3D9\Debug\DepthStencil.obj
F:\Projects\Igneel\Igneel.D3D9\Debug\EnumConverter.obj
F:\Projects\Igneel\Igneel.D3D9\Debug\GraphicDevice.InputAssembler.obj
F:\Projects\Igneel\Igneel.D3D9\Debug\GraphicDevice.obj
F:\Projects\Igneel\Igneel.D3D9\Debug\GraphicDevice.OutputMerge.obj
F:\Projects\Igneel\Igneel.D3D9\Debug\GraphicDevice.RasterizerStage.obj
F:\Projects\Igneel\Igneel.D3D9\Debug\GraphicDevice.Shader.obj
F:\Projects\Igneel\Igneel.D3D9\Debug\GraphicDeviceManager.obj
F:\Projects\Igneel\Igneel.D3D9\Debug\IGDirect3D.obj
F:\Projects\Igneel\Igneel.D3D9\Debug\InputAssembler.obj
F:\Projects\Igneel\Igneel.D3D9\Debug\RasterizerState.obj
F:\Projects\Igneel\Igneel.D3D9\Debug\Resseting.obj
F:\Projects\Igneel\Igneel.D3D9\Debug\SampleState.obj
F:\Projects\Igneel\Igneel.D3D9\Debug\Shaders.obj
F:\Projects\Igneel\Igneel.D3D9\Debug\ShaderSetter.obj
F:\Projects\Igneel\Igneel.D3D9\Debug\Stdafx.obj
F:\Projects\Igneel\Igneel.D3D9\Debug\SubResource.obj
F:\Projects\Igneel\Igneel.D3D9\Debug\VertexBuffer.obj
F:\Projects\Igneel\Igneel.D3D9\Debug\cl.command.1.tlog
F:\Projects\Igneel\Igneel.D3D9\Debug\CL.read.1.tlog
F:\Projects\Igneel\Igneel.D3D9\Debug\CL.write.1.tlog
F:\Projects\Igneel\Igneel.D3D9\Debug\Igneel.D3D9.write.1.tlog
F:\Projects\Igneel\Igneel.D3D9\Debug\link.1836-cvtres.read.1.tlog
F:\Projects\Igneel\Igneel.D3D9\Debug\link.1836-cvtres.write.1.tlog
F:\Projects\Igneel\Igneel.D3D9\Debug\link.1836-rc.read.1.tlog
F:\Projects\Igneel\Igneel.D3D9\Debug\link.1836-rc.write.1.tlog
F:\Projects\Igneel\Igneel.D3D9\Debug\link.1836.read.1.tlog
F:\Projects\Igneel\Igneel.D3D9\Debug\link.1836.write.1.tlog
F:\Projects\Igneel\Igneel.D3D9\Debug\link.3044-cvtres.read.1.tlog
F:\Projects\Igneel\Igneel.D3D9\Debug\link.3044-cvtres.write.1.tlog
F:\Projects\Igneel\Igneel.D3D9\Debug\link.3044-rc.read.1.tlog
F:\Projects\Igneel\Igneel.D3D9\Debug\link.3044-rc.write.1.tlog
F:\Projects\Igneel\Igneel.D3D9\Debug\link.3044.read.1.tlog
F:\Projects\Igneel\Igneel.D3D9\Debug\link.3044.write.1.tlog
F:\Projects\Igneel\Igneel.D3D9\Debug\link.320-cvtres.read.1.tlog
F:\Projects\Igneel\Igneel.D3D9\Debug\link.320-cvtres.write.1.tlog
F:\Projects\Igneel\Igneel.D3D9\Debug\link.320-rc.read.1.tlog
F:\Projects\Igneel\Igneel.D3D9\Debug\link.320-rc.write.1.tlog
F:\Projects\Igneel\Igneel.D3D9\Debug\link.320.read.1.tlog
F:\Projects\Igneel\Igneel.D3D9\Debug\link.320.write.1.tlog
F:\Projects\Igneel\Igneel.D3D9\Debug\link.5920-cvtres.read.1.tlog
F:\Projects\Igneel\Igneel.D3D9\Debug\link.5920-cvtres.write.1.tlog
F:\Projects\Igneel\Igneel.D3D9\Debug\link.5920-rc.read.1.tlog
F:\Projects\Igneel\Igneel.D3D9\Debug\link.5920-rc.write.1.tlog
F:\Projects\Igneel\Igneel.D3D9\Debug\link.5920.read.1.tlog
F:\Projects\Igneel\Igneel.D3D9\Debug\link.5920.write.1.tlog
F:\Projects\Igneel\Igneel.D3D9\Debug\link.command.1.tlog
F:\Projects\Igneel\Igneel.D3D9\Debug\link.read.1.tlog
F:\Projects\Igneel\Igneel.D3D9\Debug\link.write.1.tlog
F:\Projects\Igneel\Igneel.D3D9\Debug\metagen.read.1.tlog
F:\Projects\Igneel\Igneel.D3D9\Debug\metagen.write.1.tlog
F:\Projects\Igneel\Igneel.D3D9\Debug\rc.command.1.tlog
F:\Projects\Igneel\Igneel.D3D9\Debug\rc.read.1.tlog
F:\Projects\Igneel\Igneel.D3D9\Debug\rc.write.1.tlog
F:\Projects\Igneel\Igneel.D3D9\Debug\app.res
F:\Projects\Igneel\Igneel.D3D9\Debug\Igneel.D3D9.pch
F:\Projects\Igneel\Igneel.D3D9\Debug\vc110.pdb
F:\Projects\Igneel\Igneel.D3D9\Debug\IGNEEL.DLL.metagen
F:\Projects\Igneel\Igneel.D3D9\Debug\RSAENH.DLL.bi
F:\Projects\Igneel\Igneel.D3D9\Debug\TZRES.DLL.bi
F:\Projects\Igneel\Debug\Igneel.D3D9.pdb
F:\Projects\Igneel\Debug\Igneel.D3D9.dll
F:\Projects\Igneel\Debug\Igneel.D3D9.ilk
